<?xml version="1.0" encoding="UTF-8"?>
<testng-results ignored="0" total="1" passed="1" failed="0" skipped="0">
  <reporter-output>
  </reporter-output>
  <suite started-at="2020-11-11T23:35:26 EST" name="Default suite" finished-at="2020-11-11T23:35:31 EST" duration-ms="4324">
    <groups>
    </groups>
    <test started-at="2020-11-11T23:35:26 EST" name="Default test" finished-at="2020-11-11T23:35:31 EST" duration-ms="4324">
      <class name="example.LoginTest">
        <test-method signature="verifyHomepageTitle()[pri:0, instance:example.LoginTest@157853da]" started-at="2020-11-11T23:35:26 EST" name="verifyHomepageTitle" finished-at="2020-11-11T23:35:31 EST" duration-ms="4299" status="PASS">
          <reporter-output>
          </reporter-output>
        </test-method> <!-- verifyHomepageTitle -->
      </class> <!-- example.LoginTest -->
    </test> <!-- Default test -->
  </suite> <!-- Default suite -->
</testng-results>
